1: H 1: started
2: H 2: started
3: O 7: started
4: H 4: started
5: H 5: started
6: H 6: started
7: H 7: started
8: H 8: started
9: H 10: started
10: H 9: started
11: H 1: going to queue
12: O 1: started
13: O 2: started
14: O 4: started
15: O 3: started
16: O 5: started
17: H 2: going to queue
18: H 3: started
19: O 8: started
20: O 9: started
21: H 5: going to queue
22: O 7: going to queue
23: H 10: going to queue
24: H 8: going to queue
25: H 9: going to queue
26: H 7: going to queue
27: O 6: started
28: O 3: going to queue
29: O 5: going to queue
30: O 10: started
31: O 2: going to queue
32: H 4: going to queue
33: O 6: going to queue
34: O 8: going to queue
35: H 1: creating molecule 1
36: O 7: creating molecule 1
37: H 2: creating molecule 1
38: O 9: going to queue
39: O 1: going to queue
40: H 6: going to queue
41: O 4: going to queue
42: H 3: going to queue
43: O 10: going to queue
44: O 7: molecule 1 created
45: H 1: molecule 1 created
46: H 2: molecule 1 created
47: O 3: creating molecule 2
48: H 5: creating molecule 2
49: H 10: creating molecule 2
50: O 3: molecule 2 created
51: H 5: molecule 2 created
52: H 10: molecule 2 created
53: H 8: creating molecule 3
54: O 5: creating molecule 3
55: H 9: creating molecule 3
56: O 5: molecule 3 created
57: H 8: molecule 3 created
58: H 9: molecule 3 created
59: H 7: creating molecule 4
60: H 4: creating molecule 4
61: O 2: creating molecule 4
62: O 2: molecule 4 created
63: H 7: molecule 4 created
64: H 4: molecule 4 created
65: H 3: creating molecule 5
66: H 6: creating molecule 5
67: O 6: creating molecule 5
68: O 6: molecule 5 created
69: H 3: molecule 5 created
70: H 6: molecule 5 created
71: O 8: not enough H
72: O 9: not enough H
73: O 1: not enough H
74: O 4: not enough H
75: O 10: not enough H
